#
# There is insufficient memory for the Java Runtime Environment to continue.
# Native memory allocation (mmap) failed to map 134217728 bytes for Failed to commit area from 0x0000000081e00000 to 0x0000000089e00000 of length 134217728.
# Possible reasons:
#   The system is out of physical RAM or swap space
#   The process is running with CompressedOops enabled, and the Java Heap may be blocking the growth of the native heap
# Possible solutions:
#   Reduce memory load on the system
#   Increase physical memory or swap space
#   Check if swap backing store is full
#   Decrease Java heap size (-Xmx/-Xms)
#   Decrease number of Java threads
#   Decrease Java thread stack sizes (-Xss)
#   Set larger code cache with -XX:ReservedCodeCacheSize=
# This output file may be truncated or incomplete.
#
#  Out of Memory Error (./open/src/hotspot/os/windows/os_windows.cpp:3273), pid=4224, tid=14916
#
# JRE version:  (11.0.12+8) (build )
# Java VM: Java HotSpot(TM) 64-Bit Server VM (11.0.12+8-LTS-237, mixed mode, sharing, tiered, compressed oops, g1 gc, windows-amd64)
# No core dump will be written. Minidumps are not enabled by default on client versions of Windows
#

---------------  S U M M A R Y ------------

Command Line: -Dfile.encoding=Cp1252 basic.MainClass

Host: Intel(R) Core(TM) i3-4160 CPU @ 3.60GHz, 4 cores, 7G,  Windows 10 , 64 bit Build 19041 (10.0.19041.1566)
Time: Wed Apr 13 09:12:09 2022 India Standard Time elapsed time: 0.024792 seconds (0d 0h 0m 0s)

---------------  T H R E A D  ---------------

Current thread (0x000001e1c7213800):  JavaThread "Unknown thread" [_thread_in_vm, id=14916, stack(0x000000c4ec300000,0x000000c4ec400000)]

Stack: [0x000000c4ec300000,0x000000c4ec400000]
Native frames: (J=compiled Java code, j=interpreted, Vv=VM code, C=native code)
V  [jvm.dll+0x617d9a]
V  [jvm.dll+0x74eeef]
V  [jvm.dll+0x750599]
V  [jvm.dll+0x750c23]
V  [jvm.dll+0x2438d8]
V  [jvm.dll+0x61518a]
V  [jvm.dll+0x609f45]
V  [jvm.dll+0x2f85cc]
V  [jvm.dll+0x2f8452]
V  [jvm.dll+0x2fd106]
V  [jvm.dll+0x33f6ef]
V  [jvm.dll+0x33f120]
V  [jvm.dll+0x2d5ca8]
V  [jvm.dll+0x2d6e06]
V  [jvm.dll+0x72a977]
V  [jvm.dll+0x72c21f]
V  [jvm.dll+0x34c469]
V  [jvm.dll+0x710400]
V  [jvm.dll+0x3b5baf]
V  [jvm.dll+0x3b7cb1]
C  [jli.dll+0x520b]
C  [ucrtbase.dll+0x21bb2]
C  [KERNEL32.DLL+0x17034]
C  [ntdll.dll+0x52651]


---------------  P R O C E S S  ---------------

Threads class SMR info:
_java_thread_list=0x000001e1c58ee090, length=0, elements={
}

Java Threads: ( => current thread )

Other Threads:
  0x000001e1c7229800 GCTaskThread "GC Thread#0" [stack: 0x000000c4ec400000,0x000000c4ec500000] [id=12708]
  0x000001e1c7258800 ConcurrentGCThread "G1 Main Marker" [stack: 0x000000c4ec500000,0x000000c4ec600000] [id=15544]
  0x000001e1c725b800 ConcurrentGCThread "G1 Conc#0" [stack: 0x000000c4ec600000,0x000000c4ec700000] [id=16368]

[error occurred during error reporting (printing all threads), id 0xc0000005, EXCEPTION_ACCESS_VIOLATION (0xc0000005) at pc=0x00007fff9cb14f37]

VM state:not at safepoint (not fully initialized)

VM Mutex/Monitor currently owned by a thread:  ([mutex/lock_event])
[0x000001e1c7210080] Heap_lock - owner thread: 0x000001e1c7213800

Heap address: 0x0000000081e00000, size: 2018 MB, Compressed Oops mode: Non-zero based: 0x0000000081e00000
Narrow klass base: 0x0000000000000000, Narrow klass shift: 0

GC Heap History (0 events):
No events

Deoptimization events (0 events):
No events

Classes redefined (0 events):
No events

Internal exceptions (0 events):
No events

Events (0 events):
No events


Dynamic libraries:
0x00007ff7a23b0000 - 0x00007ff7a23bf000 	C:\Program Files\Java\jdk-11.0.12\bin\javaw.exe
0x00007fffdf530000 - 0x00007fffdf725000 	C:\Windows\SYSTEM32\ntdll.dll
0x00007fffde9b0000 - 0x00007fffdea6e000 	C:\Windows\System32\KERNEL32.DLL
0x00007fffdce10000 - 0x00007fffdd0d8000 	C:\Windows\System32\KERNELBASE.dll
0x00007fffdd110000 - 0x00007fffdd210000 	C:\Windows\System32\ucrtbase.dll
0x00007fffd75a0000 - 0x00007fffd75b8000 	C:\Program Files\Java\jdk-11.0.12\bin\jli.dll
0x00007fffdda50000 - 0x00007fffddafe000 	C:\Windows\System32\ADVAPI32.dll
0x00007fffddbd0000 - 0x00007fffddc6e000 	C:\Windows\System32\msvcrt.dll
0x00007fffdefe0000 - 0x00007fffdf07c000 	C:\Windows\System32\sechost.dll
0x00007fffdec30000 - 0x00007fffded55000 	C:\Windows\System32\RPCRT4.dll
0x00007fffdd800000 - 0x00007fffdd9a0000 	C:\Windows\System32\USER32.dll
0x00007fffdd0e0000 - 0x00007fffdd102000 	C:\Windows\System32\win32u.dll
0x00007fffdded0000 - 0x00007fffddefb000 	C:\Windows\System32\GDI32.dll
0x00007fffdd210000 - 0x00007fffdd31b000 	C:\Windows\System32\gdi32full.dll
0x00007fffd7990000 - 0x00007fffd79a5000 	C:\Program Files\Java\jdk-11.0.12\bin\VCRUNTIME140.dll
0x00007fffdd320000 - 0x00007fffdd3bd000 	C:\Windows\System32\msvcp_win.dll
0x00007fffc9990000 - 0x00007fffc9c2a000 	C:\Windows\WinSxS\amd64_microsoft.windows.common-controls_6595b64144ccf1df_6.0.19041.1110_none_60b5254171f9507e\COMCTL32.dll
0x00007fffd3180000 - 0x00007fffd318a000 	C:\Windows\SYSTEM32\VERSION.dll
0x00007fffddc90000 - 0x00007fffddcc0000 	C:\Windows\System32\IMM32.DLL
0x00007fffd18c0000 - 0x00007fffd195b000 	C:\Program Files\Java\jdk-11.0.12\bin\msvcp140.dll
0x00007fff9c830000 - 0x00007fff9d32f000 	C:\Program Files\Java\jdk-11.0.12\bin\server\jvm.dll
0x00007fffdec20000 - 0x00007fffdec28000 	C:\Windows\System32\PSAPI.DLL
0x00007fffd8670000 - 0x00007fffd8679000 	C:\Windows\SYSTEM32\WSOCK32.dll
0x00007fffce1d0000 - 0x00007fffce1f7000 	C:\Windows\SYSTEM32\WINMM.dll
0x00007fffdee80000 - 0x00007fffdeeeb000 	C:\Windows\System32\WS2_32.dll
0x00007fffdaaa0000 - 0x00007fffdaab2000 	C:\Windows\SYSTEM32\kernel.appcore.dll
0x00007fffd7ae0000 - 0x00007fffd7af0000 	C:\Program Files\Java\jdk-11.0.12\bin\verify.dll
0x00007fffcdf30000 - 0x00007fffce114000 	C:\Windows\SYSTEM32\DBGHELP.DLL
0x00007fffcd820000 - 0x00007fffcd84c000 	C:\Windows\SYSTEM32\dbgcore.DLL
0x00007fffdcd30000 - 0x00007fffdcdb2000 	C:\Windows\System32\bcryptPrimitives.dll
0x00007fffd66e0000 - 0x00007fffd6708000 	C:\Program Files\Java\jdk-11.0.12\bin\java.dll
0x00007fffd78c0000 - 0x00007fffd78ca000 	C:\Program Files\Java\jdk-11.0.12\bin\jimage.dll
0x00007fffd6750000 - 0x00007fffd6766000 	C:\Program Files\Java\jdk-11.0.12\bin\zip.dll

dbghelp: loaded successfully - version: 4.0.5 - missing functions: none
symbol engine: initialized successfully - sym options: 0x614 - pdb path: .;C:\Program Files\Java\jdk-11.0.12\bin;C:\Windows\SYSTEM32;C:\Windows\WinSxS\amd64_microsoft.windows.common-controls_6595b64144ccf1df_6.0.19041.1110_none_60b5254171f9507e;C:\Program Files\Java\jdk-11.0.12\bin\server

VM Arguments:
jvm_args: -Dfile.encoding=Cp1252 
java_command: basic.MainClass
java_class_path (initial): D:\Classwork\27Jan_java\GUI\bin
Launcher Type: SUN_STANDARD

[Global flags]
     intx CICompilerCount                          = 3                                         {product} {ergonomic}
     uint ConcGCThreads                            = 1                                         {product} {ergonomic}
     uint G1ConcRefinementThreads                  = 4                                         {product} {ergonomic}
   size_t G1HeapRegionSize                         = 1048576                                   {product} {ergonomic}
    uintx GCDrainStackTargetSize                   = 64                                        {product} {ergonomic}
   size_t InitialHeapSize                          = 134217728                                 {product} {ergonomic}
   size_t MarkStackSize                            = 4194304                                   {product} {ergonomic}
   size_t MaxHeapSize                              = 2116026368                                {product} {ergonomic}
   size_t MinHeapDeltaBytes                        = 1048576                                   {product} {ergonomic}
    uintx NonNMethodCodeHeapSize                   = 5830732                                {pd product} {ergonomic}
    uintx NonProfiledCodeHeapSize                  = 122913754                              {pd product} {ergonomic}
    uintx ProfiledCodeHeapSize                     = 122913754                              {pd product} {ergonomic}
    uintx ReservedCodeCacheSize                    = 251658240                              {pd product} {ergonomic}
     bool SegmentedCodeCache                       = true                                      {product} {ergonomic}
     bool UseCompressedClassPointers               = true                                 {lp64_product} {ergonomic}
     bool UseCompressedOops                        = true                                 {lp64_product} {ergonomic}
     bool UseG1GC                                  = true                                      {product} {ergonomic}
     bool UseLargePagesIndividualAllocation        = false                                  {pd product} {ergonomic}

Logging:
Log output configuration:
 #0: stdout all=warning uptime,level,tags
 #1: stderr all=off uptime,level,tags

Environment Variables:
PATH=C:\Program Files (x86)\HP\NV\lib\shunra\vcat;C:\Program Files\Common Files\Oracle\Java\javapath;C:\Windows\system32;C:\Windows;C:\Windows\System32\Wbem;C:\Windows\System32\WindowsPowerShell\v1.0\;C:\Windows\System32\OpenSSH\;C:\apache-maven-3.8.4\bin;C:\Program Files\nodejs\;C:\MinGW\bin;C:\Program Files\Java\jdk-11.0.12\bin;C:\Program Files (x86)\HP\LoadRunner\strawberry-perl\perl\bin;C:\Program Files (x86)\HP\NV\lib\thirdparty\safenet\LDK\7.0;C:\Program Files (x86)\HP\NV\lib\shunra\snv;C:\Users\chintan\AppData\Local\Microsoft\WindowsApps;C:\Users\chintan\AppData\Local\Programs\Microsoft VS Code\bin;C:\Users\chintan\AppData\Roaming\npm;C:\Program Files\MongoDB\Server\5.0\bin;
USERNAME=chintan
OS=Windows_NT
PROCESSOR_IDENTIFIER=Intel64 Family 6 Model 60 Stepping 3, GenuineIntel



---------------  S Y S T E M  ---------------

OS: Windows 10 , 64 bit Build 19041 (10.0.19041.1566)

CPU:total 4 (initial active 4) (2 cores per cpu, 2 threads per core) family 6 model 60 stepping 3 microcode 0x27, cmov, cx8, fxsr, mmx, sse, sse2, sse3, ssse3, sse4.1, sse4.2, popcnt, avx, avx2, aes, clmul, erms, lzcnt, ht, tsc, tscinvbit, bmi1, bmi2, fma

Memory: 4k page, system-wide physical 8067M (2175M free)
TotalPageFile size 15626M (AvailPageFile size 45M)
current process WorkingSet (physical memory assigned to process): 9M, peak: 9M
current process commit charge ("private bytes"): 51M, peak: 179M

vm_info: Java HotSpot(TM) 64-Bit Server VM (11.0.12+8-LTS-237) for windows-amd64 JRE (11.0.12+8-LTS-237), built on Jun  8 2021 11:25:59 by "mach5one" with MS VC++ 15.9 (VS2017)

END.
